<?xml version="1.0" encoding="UTF-8"?>
<!-- Generated by org.testng.reporters.JUnitReportReporter -->
<testsuite hostname="Shaheens-iMac.lan" failures="0" tests="1" name="com.basepage.TestBase" time="33.872" errors="0" timestamp="2023-05-28T23:42:23 EDT" skipped="0">
  <testcase classname="com.basepage.TestBase" name="Initialization" time="33.872"/>
  <system-out/>
</testsuite> <!-- com.basepage.TestBase -->
